16:35:28.332 [AWT-EventQueue-0] WARN  net.sf.jabref.JabRefGUI - There seem to be problems with OpenJDK and the default GTK Look&Feel. Using Metal L&F instead. Change to another L&F with caution.
16:39:24.665 [JabRef CachedThreadPool] ERROR net.sf.jabref.gui.importer.fetcher.ACMPortalFetcher - Error while fetching from ACM Portal
java.io.IOException: Cannot parse number of hits
	at net.sf.jabref.gui.importer.fetcher.ACMPortalFetcher.getNumberOfHits(ACMPortalFetcher.java:393) ~[JabRef-3.8.2.jar:?]
	at net.sf.jabref.gui.importer.fetcher.ACMPortalFetcher.processQueryGetPreview(ACMPortalFetcher.java:138) ~[JabRef-3.8.2.jar:?]
	at net.sf.jabref.gui.importer.fetcher.GeneralFetcher.lambda$actionPerformed$4(GeneralFetcher.java:185) ~[JabRef-3.8.2.jar:?]
	at java.util.concurrent.ThreadPoolExecutor.runWorker(ThreadPoolExecutor.java:1128) [?:?]
	at java.util.concurrent.ThreadPoolExecutor$Worker.run(ThreadPoolExecutor.java:628) [?:?]
	at java.lang.Thread.run(Thread.java:829) [?:?]
16:39:24.672 [JabRef CachedThreadPool] ERROR net.sf.jabref.gui.importer.fetcher.ACMPortalFetcher - Error while fetching from ACM Portal
java.io.IOException: Cannot parse number of hits
	at net.sf.jabref.gui.importer.fetcher.ACMPortalFetcher.getNumberOfHits(ACMPortalFetcher.java:393) ~[JabRef-3.8.2.jar:?]
	at net.sf.jabref.gui.importer.fetcher.ACMPortalFetcher.processQueryGetPreview(ACMPortalFetcher.java:138) ~[JabRef-3.8.2.jar:?]
	at net.sf.jabref.gui.importer.fetcher.GeneralFetcher.lambda$actionPerformed$4(GeneralFetcher.java:185) ~[JabRef-3.8.2.jar:?]
	at java.util.concurrent.ThreadPoolExecutor.runWorker(ThreadPoolExecutor.java:1128) [?:?]
	at java.util.concurrent.ThreadPoolExecutor$Worker.run(ThreadPoolExecutor.java:628) [?:?]
	at java.lang.Thread.run(Thread.java:829) [?:?]
16:40:54.005 [AWT-EventQueue-0] ERROR net.sf.jabref.FallbackExceptionHandler - Uncaught exception Occurred in Thread[AWT-EventQueue-0,6,main]
java.lang.IndexOutOfBoundsException: Index -1 out of bounds for length 1
	at jdk.internal.util.Preconditions.outOfBounds(Preconditions.java:64) ~[?:?]
	at jdk.internal.util.Preconditions.outOfBoundsCheckIndex(Preconditions.java:70) ~[?:?]
	at jdk.internal.util.Preconditions.checkIndex(Preconditions.java:248) ~[?:?]
	at java.util.Objects.checkIndex(Objects.java:372) ~[?:?]
	at java.util.ArrayList.get(ArrayList.java:459) ~[?:?]
	at ca.odell.glazedlists.impl.gui.ThreadProxyEventList.get(ThreadProxyEventList.java:139) ~[glazedlists_java15-1.9.1.jar:?]
	at ca.odell.glazedlists.swing.DefaultEventTableModel.getValueAt(DefaultEventTableModel.java:199) ~[glazedlists_java15-1.9.1.jar:?]
	at javax.swing.JTable.getValueAt(JTable.java:2706) ~[?:?]
	at javax.swing.JTable.prepareRenderer(JTable.java:5724) ~[?:?]
	at net.sf.jabref.gui.maintable.MainTable.getToolTipText(MainTable.java:231) ~[JabRef-3.8.2.jar:?]
	at javax.swing.ToolTipManager$insideTimerAction.actionPerformed(ToolTipManager.java:687) ~[?:?]
	at javax.swing.Timer.fireActionPerformed(Timer.java:317) ~[?:?]
	at javax.swing.Timer$DoPostEvent.run(Timer.java:249) ~[?:?]
	at java.awt.event.InvocationEvent.dispatch(InvocationEvent.java:313) ~[?:?]
	at java.awt.EventQueue.dispatchEventImpl(EventQueue.java:770) ~[?:?]
	at java.awt.EventQueue$4.run(EventQueue.java:721) ~[?:?]
	at java.awt.EventQueue$4.run(EventQueue.java:715) ~[?:?]
	at java.security.AccessController.doPrivileged(Native Method) ~[?:?]
	at java.security.ProtectionDomain$JavaSecurityAccessImpl.doIntersectionPrivilege(ProtectionDomain.java:85) ~[?:?]
	at java.awt.EventQueue.dispatchEvent(EventQueue.java:740) ~[?:?]
	at java.awt.EventDispatchThread.pumpOneEventForFilters(EventDispatchThread.java:203) [?:?]
	at java.awt.EventDispatchThread.pumpEventsForFilter(EventDispatchThread.java:124) [?:?]
	at java.awt.EventDispatchThread.pumpEventsForHierarchy(EventDispatchThread.java:113) [?:?]
	at java.awt.EventDispatchThread.pumpEvents(EventDispatchThread.java:109) [?:?]
	at java.awt.EventDispatchThread.pumpEvents(EventDispatchThread.java:101) [?:?]
	at java.awt.EventDispatchThread.run(EventDispatchThread.java:90) [?:?]
